2024-05-15 00:57:13,886 - apscheduler.scheduler - INFO - Scheduler started
2024-05-15 00:58:02,997 - paramiko.transport - INFO - Connected (version 2.0, client OpenSSH_8.9p1)
2024-05-15 00:58:03,097 - paramiko.transport - INFO - Authentication (password) successful!
2024-05-15 00:58:07,455 - paramiko.transport - INFO - Connected (version 2.0, client OpenSSH_8.9p1)
2024-05-15 00:58:07,541 - paramiko.transport - INFO - Authentication (password) successful!
2024-05-15 00:58:13,485 - paramiko.transport - INFO - Connected (version 2.0, client OpenSSH_8.9p1)
2024-05-15 00:58:13,609 - paramiko.transport - INFO - Authentication (password) successful!
2024-05-15 01:02:58,865 - paramiko.transport - INFO - Connected (version 2.0, client OpenSSH_8.9p1)
2024-05-15 01:02:58,989 - paramiko.transport - INFO - Authentication (password) successful!
2024-05-15 01:04:02,985 - telegram.ext.updater - INFO - Received signal 15 (SIGTERM), stopping...
2024-05-15 01:04:02,986 - apscheduler.scheduler - INFO - Scheduler has been shut down
2024-05-15 01:04:28,042 - apscheduler.scheduler - INFO - Scheduler started
2024-05-15 01:04:49,722 - paramiko.transport - INFO - Connected (version 2.0, client OpenSSH_8.9p1)
2024-05-15 01:04:49,805 - paramiko.transport - INFO - Authentication (password) successful!
2024-05-15 01:05:28,777 - telegram.ext.updater - INFO - Received signal 15 (SIGTERM), stopping...
2024-05-15 01:05:28,777 - apscheduler.scheduler - INFO - Scheduler has been shut down
2024-05-15 01:05:51,707 - apscheduler.scheduler - INFO - Scheduler started
2024-05-15 01:06:06,923 - paramiko.transport - INFO - Connected (version 2.0, client OpenSSH_8.9p1)
2024-05-15 01:06:07,041 - paramiko.transport - INFO - Authentication (password) successful!
2024-05-15 01:06:11,841 - paramiko.transport - INFO - Connected (version 2.0, client OpenSSH_8.9p1)
2024-05-15 01:06:12,146 - paramiko.transport - INFO - Authentication (password) successful!
2024-05-15 01:06:25,449 - paramiko.transport - INFO - Connected (version 2.0, client OpenSSH_8.9p1)
2024-05-15 01:06:25,529 - paramiko.transport - INFO - Authentication (password) successful!
2024-05-15 01:10:03,086 - telegram.ext.updater - INFO - Received signal 15 (SIGTERM), stopping...
2024-05-15 01:10:03,086 - apscheduler.scheduler - INFO - Scheduler has been shut down
2024-05-15 01:10:35,856 - apscheduler.scheduler - INFO - Scheduler started
2024-05-15 01:10:50,101 - paramiko.transport - INFO - Connected (version 2.0, client OpenSSH_8.9p1)
2024-05-15 01:10:50,277 - paramiko.transport - INFO - Authentication (password) successful!
2024-05-15 01:14:24,338 - telegram.ext.updater - INFO - Received signal 15 (SIGTERM), stopping...
2024-05-15 01:14:24,338 - apscheduler.scheduler - INFO - Scheduler has been shut down
